         w __deregister_frame_info
         w __register_frame_info
         w userAppExit
         w userAppInit
00000000 00000802 B __ctru_dev_utf16_buf
00000000 A __sync_synchronize
00000000 b _TLS_MODULE_BASE_
00000000 a shift
00000000 a shift
00000804 00000401 B __ctru_dev_path_buf
00100000 A __start__
00100000 T _start
00100008 T __service_ptr
0010000c T __apt_appid
00100010 T __heap_size
00100014 T __linear_heap_size
00100018 T __system_arglist
0010001c T __system_runflags
00100020 t startup
00100058 t ClearMem
0010006c t ClrLoop
00100094 T _init
001000ac 00000004 W __aeabi_idiv0
001000ac 00000004 W __aeabi_ldiv0
001000c8 00000390 T strcmp
00100450 t .udivsi3_skip_div0_test
00100450 T __aeabi_uidiv
00100450 000001ec T __udivsi3
0010063c 00000020 T __aeabi_uidivmod
0010065c T __aeabi_idiv
0010065c 00000220 T __divsi3
00100664 t .divsi3_skip_div0_test
0010087c 00000020 T __aeabi_idivmod
0010089c t __do_global_dtors_aux
001008dc t frame_dummy
00100908 00000018 T main
00100920 00000160 W __system_initArgv
00100a80 W initSystem
00100ad0 W __ctru_exit
00100ae4 00000030 W __appExit
00100b14 00000030 W __appInit
00100b44 00000090 W __libctru_exit
00100bd4 00000038 W __libctru_init
00100c0c 00000030 T __syscall_getreent
00100c3c 00000004 T __syscall_lock_acquire
00100c40 00000004 T __syscall_lock_release
00100c44 00000004 T __syscall_lock_acquire_recursive
00100c48 00000004 T __syscall_lock_release_recursive
00100c4c 00000004 T __syscall_exit
00100c50 00000050 T initThreadVars
00100ca0 00000080 T __system_initSyscalls
00100d20 T svcControlMemory
00100d40 T svcQueryMemory
00100d70 T svcExitProcess
00100d78 T svcCreateThread
00100d98 T svcExitThread
00100da0 T svcSleepThread
00100da8 T svcReleaseMutex
00100db0 T svcSignalEvent
00100db8 T svcClearEvent
00100dc0 T svcMapMemoryBlock
00100dc8 T svcUnmapMemoryBlock
00100dd0 T svcCreateAddressArbiter
00100de4 T svcArbitrateAddressNoTimeout
00100dec T svcCloseHandle
00100df4 T svcWaitSynchronization
00100dfc T svcWaitSynchronizationN
00100e24 T svcDuplicateHandle
00100e38 T svcConnectToPort
00100e4c T svcSendSyncRequest
00100e54 T svcGetResourceLimit
00100e68 T svcGetResourceLimitLimitValues
00100e70 T svcGetResourceLimitCurrentValues
00100e78 T svcBreak
00100e80 00000014 t archive_link
00100e94 00000014 t archive_dirreset
00100ea8 00000014 t archive_chmod
00100ebc 00000024 t error_cmp
00100ee0 00000050 t archive_translate_error
00100f30 000000c4 t archive_seek
00100ff4 00000078 t _archiveInit.part.0
0010106c 000000c4 t archiveFindDevice.part.0
00101130 00000290 t archive_utf16path
001013c0 0000009c t _archiveUnmountDeviceStruct.part.0
0010145c 00000014 t archive_statvfs
00101470 00000014 t archive_fchmod
00101484 00000168 t _archiveMountDevice
001015ec 000000e8 t archive_diropen
001016d4 000000a4 t archive_fstat
00101778 0000006c t archive_fsync
001017e4 0000006c t archive_close
00101850 00000070 t archive_dirclose
001018c0 000000e4 t sdmc_statvfs
001019a4 000000ec t archive_chdir
00101a90 0000007c t archive_ftruncate
00101b0c 000000ac t archive_read
00101bb8 000000a4 t archive_unlink
00101c5c 000000bc t archive_rmdir
00101d18 000000dc t archive_mkdir
00101df4 00000194 t archive_stat
00101f88 0000015c t archive_dirnext
001020e4 00000124 t archive_write
00102208 00000210 t archive_open
00102418 00000268 t archive_rename
00102680 0000019c T archiveMountSdmc
0010281c 00000054 T archiveUnmountAll
00102870 00000084 W envGetHandle
001028f4 00000050 W envDestroyHandles
00102944 00000034 T __ctru_speedup_config
00102978 0000012c T srvInit
00102aa4 00000058 T srvExit
00102afc 00000060 T srvEnableNotification
00102b5c 000000a0 T srvGetServiceHandleDirect
00102bfc 00000038 T srvGetServiceHandle
00102c34 00000034 T srvSubscribe
00102c68 00000060 T srvReceiveNotification
00102cc8 00000038 T srvPublishToSubscriber
00102d00 0000000c T __sync_init
00102d0c 00000018 T __sync_fini
00102d24 000000b0 T LightLock_Lock
00102dd4 00000040 T LightLock_Unlock
00102e14 00000030 T RecursiveLock_Lock
00102e44 00000054 T RecursiveLock_Unlock
00102e98 00000040 T LightEvent_Init
00102ed8 000000a4 T LightEvent_Clear
00102f7c 000000c8 T LightEvent_Signal
00103044 00000050 T LightEvent_TryWait
00103094 000000a0 T LightEvent_Wait
00103134 000001d4 T threadCreate
00103308 0000002c T threadFree
00103334 00000024 T threadJoin
00103358 00000030 T threadGetCurrent
00103388 00000040 T threadExit
001033c8 00000020 t _thread_begin
001033e8 00000008 W aptDspSleep
001033f0 00000004 W aptDspWakeup
001033f4 00000004 W aptDspCancel
001033f8 00000158 T aptSendCommand
00103550 00000044 t aptExitProcess
00103594 00000380 T aptExit
00103914 00000084 T APT_SleepIfShellClosed
00103998 00000084 T APT_UnlockTransition
00103a20 00000478 t aptEventHandler
00103e98 000000b0 T APT_ReceiveParameter
00103f48 000000ac t aptReceiveParameter.constprop.0
00103ff4 000002c8 t aptWaitForWakeUp.isra.0
001042bc 0000022c T aptInit
001044e8 0000007c T APT_CheckNew3DS
00104564 000000d0 T fsInit
00104634 0000003c T fsExit
00104670 00000060 T fsExemptFromSession
001046d0 00000050 T fsUnexemptFromSession
00104720 000000cc T FSUSER_OpenFile
001047ec 000000bc T FSUSER_DeleteFile
001048a8 000000f8 T FSUSER_RenameFile
001049a0 000000bc T FSUSER_DeleteDirectory
00104a5c 000000d4 T FSUSER_CreateFile
00104b30 000000c4 T FSUSER_CreateDirectory
00104bf4 000000f8 T FSUSER_RenameDirectory
00104cec 000000b4 T FSUSER_OpenDirectory
00104da0 00000094 T FSUSER_OpenArchive
00104e34 0000008c T FSUSER_CloseArchive
00104ec0 00000074 T FSUSER_GetSdmcArchiveResource
00104f34 00000064 T FSUSER_IsSdmcWritable
00104f98 00000058 T FSFILE_Read
00104ff0 00000060 T FSFILE_Write
00105050 00000038 T FSFILE_GetSize
00105088 00000028 T FSFILE_SetSize
001050b0 0000003c T FSFILE_Close
001050ec 00000024 T FSFILE_Flush
00105110 00000050 T FSDIR_Read
00105160 0000003c T FSDIR_Close
0010519c 00000068 T GSPGPU_AcquireRight
00105204 0000002c T GSPGPU_RestoreVramSysArea
00105230 00000024 W hidShouldUseIrrst
00105254 0000018c T hidInit
001053e0 000000e8 T hidExit
001054c8 00000160 T irrstInit
00105628 000000cc T irrstExit
001056f4 00000074 T ptmSysmInit
00105768 0000003c T ptmSysmExit
001057a4 00000034 T PTMSYSM_ConfigureNew3DSCPU
001057d8 0000000c T srvPmGetSessionHandle
001057e4 0000013c T decode_utf8
00105920 000000e8 T utf16_to_utf8
00105a08 000000c0 T utf8_to_utf16
00105ac8 000001e0 W __system_allocateHeaps
00105ca8 T __aeabi_read_tp
00105cb4 00000090 t mappableFindAddressWithin
00105d44 00000028 T mappableInit
00105d6c 00000080 T mappableAlloc
00105dec 00000004 T mappableFree
00105df0 00000064 T decode_utf16
00105e54 00000054 T encode_utf16
00105ea8 000000e0 T encode_utf8
00105f88 000000d8 T strncmp
00106060 0000005c T strlen
001060bc 000001e4 t _strtoul_l.isra.0
001062a0 00000034 T strtoul
001062d4 000000e4 T strncat
001063b8 00000078 T bsearch
00106430 00000020 T memalign
00106450 0000001c t stdio_exit_handler
0010646c 0000005c t cleanup_stdio
001064c8 00000154 t global_stdio_init.part.0
0010661c 0000005c T __sinit
00106678 0000000c T __sfp_lock_acquire
00106684 0000000c T __sfp_lock_release
00106690 000007e8 T _malloc_r
00106e78 000000f8 T _malloc_trim_r
00106f70 00000300 T _free_r
00107270 0000004c T strnlen
001072bc 0000000c T __errno
001072c8 00000034 T malloc
001072fc 00000018 T free
00107314 00000130 T memcpy
00107444 000000e0 T _puts_r
00107524 00000018 T puts
0010753c 000000e8 T memset
00107624 00000070 T _fwalk_sglue
00107694 0000000c T __malloc_lock
001076a0 0000000c T __malloc_unlock
001076ac 00000004 W __call_exitprocs
001076b0 00000030 T exit
001076e0 000000c4 T strncpy
001077a4 00000084 T __libc_init_array
00107828 00000228 T __sflush_r
00107a50 00000094 T _fflush_r
00107ae4 00000480 T __sfvwrite_r
00107f64 00000150 T _memalign_r
001080b4 000000e0 T memchr
00108194 0000003c T __libc_fini_array
001081d0 00000044 T __sread
00108214 00000068 T __swrite
0010827c 00000040 T __sseek
001082bc 00000008 T __sclose
001082c4 00000148 T _fclose_r
0010840c 000004a4 T _realloc_r
001088b0 00000194 T __swsetup_r
00108a44 00000160 T memmove
00108ba4 00000144 T __smakebuf_r
00108ce8 00000020 T _exit
00108d08 0000013c T chdir
00108e44 000001cc T _concatenate_path
00109010 00000088 T _fstat_r
00109098 0000002c T __getreent
001090c4 0000003c T __get_handle
00109100 000000f4 T _close_r
001091f4 00000008 t null_write
001091fc 00000018 T setDefaultDevice
00109214 000000c8 T FindDevice
001092dc 00000028 T RemoveDevice
00109304 00000098 T AddDevice
0010939c 00000020 T GetDeviceOpTab
001093bc 00000008 T _isatty_r
001093c4 0000008c T _lseek_r
00109450 00000088 T _read_r
001094d8 00000078 W _sbrk_r
00109550 0000001c T __libc_lock_acquire
0010956c 0000001c T __libc_lock_release
00109588 0000001c T __libc_lock_acquire_recursive
001095a4 0000001c T __libc_lock_release_recursive
001095c0 00000088 T _write_r
00109648 00000130 T strchr
00109778 00000048 T strrchr
001097c0 T _fini
0010a098 00000030 r error_table
0010a0c8 00000080 r archive_devoptab
0010a164 00000008 r s_sleepWakeEvents.4
0010a16c 00000101 R _ctype_
0010a270 00000080 R dotab_stdnull
0010a2f0 R __tdata_align
0010a2f4 r __EH_FRAME_BEGIN__
0010a2f4 R __exidx_end
0010a2f4 R __exidx_start
0010b000 W __stacksize__
0010b004 00000004 d aptChainloadDeliverArgSize
0010b008 00000004 D _impure_ptr
0010b010 00000120 D _impure_data
0010b130 0000000c D __sglue
0010b13c 00000004 D __malloc_sbrk_base
0010b140 00000004 D __malloc_trim_threshold
0010b148 00000408 D __malloc_av_
0010b550 00000400 d _current_working_directory
0010b950 00001000 d handles
0010c950 0000000c d __stderr_handle
0010c95c 0000000c d __stdout_handle
0010c968 0000000c d __stdin_handle
0010c974 0000008c D devoptab_list
0010ca00 00000004 d defaultDevice
0010ca0c d _GLOBAL_OFFSET_TABLE_
0010ca18 d __frame_dummy_init_array_entry
0010ca18 D __init_array_start
0010ca18 B __preinit_array_end
0010ca18 B __preinit_array_start
0010ca18 D __tdata_lma
0010ca18 D __tdata_lma_end
0010ca1c d __do_global_dtors_aux_fini_array_entry
0010ca1c D __fini_array_start
0010ca1c D __init_array_end
0010ca20 D __bss_start__
0010ca20 D __fini_array_end
0010ca20 b completed.1
0010ca24 b object.0
0010ca3c 00000004 B __system_argv
0010ca40 00000004 B __system_argc
0010ca44 b saved_stack
0010ca4c 00000004 B __3dslink_host
0010ca50 00000004 B __system_retAddr
0010ca58 000005c0 b archive_devices
0010d018 00000004 b archive_device_cwd
0010d01c 00000001 b archive_initialized
0010d01d 00000001 V __ctru_speedup
0010d020 00000004 b srvRefCount
0010d024 00000004 b srvHandle
0010d028 00000004 b arbiter
0010d02c 00000001 b flagValue.0
0010d02d 00000001 b flagInit.1
0010d030 00000004 b serviceName.6
0010d034 00000001 b aptChainloadFlags
0010d035 00000001 b aptChainloadMediatype
0010d038 00000020 b aptChainloadHmac
0010d058 00000300 b aptChainloadDeliverArg
0010d358 00000008 b aptChainloadTid
0010d360 00001000 b aptParameters
0010e360 00000004 b aptFlags
0010e364 00000001 b aptHomeButtonState
0010e368 00000004 b aptMessageFuncData
0010e36c 00000004 b aptMessageFunc
0010e370 0000000c b aptFirstHook
0010e37c 00000001 b aptEventHandlerThreadQuit
0010e380 00000004 b aptEventHandlerThread
0010e384 00000008 b aptSleepEvent
0010e38c 00000008 b aptReceiveEvent
0010e394 00000008 b aptEvents
0010e39c 00000004 b aptLockHandle
0010e3a0 00000004 b aptRefCount
0010e3a8 00000080 b fsExemptArchives
0010e428 00000004 b fsuRefCount
0010e42c 00000004 b fsuHandle
0010e430 00000001 b gspGpuRight
0010e434 00000004 b gspGpuHandle
0010e438 00000001 b usingIrrst
0010e43c 00000004 b hidRefCount
0010e440 00000004 b kUp
0010e444 00000004 b kDown
0010e448 00000004 b kHeld
0010e44c 00000004 b kOld
0010e450 00000004 B hidSharedMem
0010e454 00000014 B hidEvents
0010e468 00000004 B hidMemHandle
0010e46c 00000004 B hidHandle
0010e470 00000004 b irrstRefCount
0010e474 00000004 b kHeld
0010e478 00000004 B irrstSharedMem
0010e47c 00000004 B irrstEvent
0010e480 00000004 B irrstMemHandle
0010e484 00000004 B irrstHandle
0010e488 00000004 b ptmSysmRefCount
0010e48c 00000004 b ptmSysmHandle
0010e490 00000004 b srvPmHandle
0010e494 00000004 V __ctru_linear_heap_size
0010e498 00000004 V __ctru_heap_size
0010e49c 00000004 B __ctru_linear_heap
0010e4a0 00000004 B __ctru_heap
0010e4a4 00000004 b currentAddr
0010e4a8 00000004 b maxAddr
0010e4ac 00000004 b minAddr
0010e4b0 0000000c b __sfp_recursive_mutex
0010e4c0 00000168 B __sf
0010e628 00000004 B __stdio_exit_handler
0010e62c 00000028 B __malloc_current_mallinfo
0010e654 00000004 B __malloc_max_total_mem
0010e658 00000004 B __malloc_max_sbrked_mem
0010e65c 00000004 B __malloc_top_pad
0010e660 0000000c b __malloc_recursive_mutex
0010e66c 00000400 b temp_cwd
0010ea6c 00000004 b __hndl_lock
0010ea70 00000004 B fake_heap_start
0010ea74 00000004 B fake_heap_end
0010ea78 00000004 b heap_start.0
0010ea7c B __tls_start
0010f684 B __bss_end__
0010f684 A __end__
0010f684 B __tls_end
